Compiling the C compiler identification source file "CMakeCCompilerId.c" failed.
Compiler: /usr/bin/arm-none-eabi-gcc-6.3.1 
Build flags: 
Id flags:  

The output was:
1
/usr/lib/gcc/arm-none-eabi/6.3.1/../../../arm-none-eabi/lib/libc.a(lib_a-exit.o): In function `exit':
/build/newlib-jo3xW1/newlib-2.4.0.20160527/build/arm-none-eabi/newlib/libc/stdlib/../../../../../newlib/libc/stdlib/exit.c:70: undefined reference to `_exit'
collect2: error: ld returned 1 exit status


Determining if the C compiler works failed with the following output:
Change Dir: /home/saurex83/Projects/WMNU/SDCC/build/CMakeFiles/CMakeTmp

Run Build Command:"/usr/bin/make" "cmTC_02d20/fast"
/usr/bin/make -f CMakeFiles/cmTC_02d20.dir/build.make CMakeFiles/cmTC_02d20.dir/build
make[1]: вход в каталог «/home/saurex83/Projects/WMNU/SDCC/build/CMakeFiles/CMakeTmp»
Building C object CMakeFiles/cmTC_02d20.dir/testCCompiler.c.o
/usr/bin/arm-none-eabi-gcc-6.3.1    -o CMakeFiles/cmTC_02d20.dir/testCCompiler.c.o   -c /home/saurex83/Projects/WMNU/SDCC/build/CMakeFiles/CMakeTmp/testCCompiler.c
Linking C executable cmTC_02d20
/usr/bin/cmake -E cmake_link_script CMakeFiles/cmTC_02d20.dir/link.txt --verbose=1
/usr/bin/arm-none-eabi-gcc-6.3.1      -rdynamic CMakeFiles/cmTC_02d20.dir/testCCompiler.c.o  -o cmTC_02d20 
arm-none-eabi-gcc-6.3.1: error: unrecognized command line option '-rdynamic'
CMakeFiles/cmTC_02d20.dir/build.make:97: recipe for target 'cmTC_02d20' failed
make[1]: *** [cmTC_02d20] Error 1
make[1]: выход из каталога «/home/saurex83/Projects/WMNU/SDCC/build/CMakeFiles/CMakeTmp»
Makefile:126: recipe for target 'cmTC_02d20/fast' failed
make: *** [cmTC_02d20/fast] Error 2


